\BOOKMARK [1][-]{section.1}{\376\377\060\157\060\130\060\201\060\153}{}% 1
\BOOKMARK [1][-]{section.2}{\376\377\164\006\212\326\166\204\200\314\146\157}{}% 2
\BOOKMARK [2][-]{subsection.2.1}{\376\377\221\317\133\120\130\064\164\006\212\326\060\150\162\151\214\352\171\321\133\146\060\156\142\275\214\141\136\246\060\156\116\126\226\342}{section.2}% 3
\BOOKMARK [2][-]{subsection.2.2}{\376\377\130\064\060\156\143\057\122\325\060\150\060\127\060\146\060\156\162\151\214\352\163\376\214\141\164\006\211\343}{section.2}% 4
\BOOKMARK [1][-]{section.3}{\376\377\226\216\134\144\166\204\000A\000I\123\124\212\277\060\267\060\271\060\306\060\340\060\156\143\320\150\110}{}% 5
\BOOKMARK [2][-]{subsection.3.1}{\376\377\134\002\225\200\162\171\123\026\127\213\000A\000I}{section.3}% 6
\BOOKMARK [3][-]{subsubsection.3.1.1}{\376\377\221\317\133\120\000A\000I}{subsection.3.1}% 7
\BOOKMARK [3][-]{subsubsection.3.1.2}{\376\377\162\151\214\352\000A\000I}{subsection.3.1}% 8
\BOOKMARK [3][-]{subsubsection.3.1.3}{\376\377\145\160\137\017\123\026\000A\000I}{subsection.3.1}% 9
\BOOKMARK [3][-]{subsubsection.3.1.4}{\376\377\151\034\212\074\000A\000I}{subsection.3.1}% 10
\BOOKMARK [2][-]{subsection.3.2}{\376\377\145\160\137\017\060\222\127\372\171\016\212\000\212\236\060\150\060\127\060\137\133\376\212\161\060\267\060\271\060\306\060\340}{section.3}% 11
\BOOKMARK [2][-]{subsection.3.3}{\376\377\221\317\133\120\060\263\060\363\060\324\060\345\060\374\060\277\060\150\060\156\220\043\144\072}{section.3}% 12
\BOOKMARK [1][-]{section.4}{\376\377\133\237\210\305\060\242\060\374\060\255\060\306\060\257\060\301\060\343}{}% 13
\BOOKMARK [2][-]{subsection.4.1}{\376\377\157\024\173\227\060\250\060\363\060\270\060\363\060\156\122\006\226\342\060\150\175\161\124\010}{section.4}% 14
\BOOKMARK [3][-]{subsubsection.4.1.1}{\376\377\221\317\133\120\157\024\173\227\060\250\060\363\060\270\060\363}{subsection.4.1}% 15
\BOOKMARK [3][-]{subsubsection.4.1.2}{\376\377\162\151\214\352\157\024\173\227\060\250\060\363\060\270\060\363}{subsection.4.1}% 16
\BOOKMARK [3][-]{subsubsection.4.1.3}{\376\377\220\043\144\072\060\244\060\363\060\277\060\374\060\325\060\247\060\374\060\271}{subsection.4.1}% 17
\BOOKMARK [2][-]{subsection.4.2}{\376\377\211\226\211\232\123\026\060\150\211\343\221\310\145\057\143\364\060\267\060\271\060\306\060\340}{section.4}% 18
\BOOKMARK [3][-]{subsubsection.4.2.1}{\376\377\060\262\060\374\060\340\060\250\060\363\060\270\060\363\060\222\155\073\165\050\060\127\060\137\162\151\164\006\060\342\060\307\060\353\060\156\211\226\211\232\123\026}{subsection.4.2}% 19
\BOOKMARK [3][-]{subsubsection.4.2.2}{\376\377\060\260\060\351\060\325\123\026\000A\000I}{subsection.4.2}% 20
\BOOKMARK [3][-]{subsubsection.4.2.3}{\376\377\212\000\212\236\123\026\000A\000I}{subsection.4.2}% 21
\BOOKMARK [1][-]{section.5}{\376\377\137\334\165\050\116\213\117\213}{}% 22
\BOOKMARK [2][-]{subsection.5.1}{\376\377\145\260\147\120\145\231\212\055\212\010\060\170\060\156\137\334\165\050}{section.5}% 23
\BOOKMARK [2][-]{subsection.5.2}{\376\377\123\026\133\146\123\315\137\334\152\137\151\313\060\156\211\343\146\016}{section.5}% 24
\BOOKMARK [2][-]{subsection.5.3}{\376\377\145\131\200\262\060\373\170\024\172\166\145\057\143\364}{section.5}% 25
\BOOKMARK [1][-]{section.6}{\376\377\212\262\230\114\060\150\134\125\147\033}{}% 26
\BOOKMARK [2][-]{subsection.6.1}{\376\377\142\200\210\123\166\204\212\262\230\114}{section.6}% 27
\BOOKMARK [2][-]{subsection.6.2}{\376\377\164\006\212\326\166\204\212\262\230\114}{section.6}% 28
\BOOKMARK [2][-]{subsection.6.3}{\376\377\134\006\147\145\134\125\147\033}{section.6}% 29
\BOOKMARK [1][-]{section.7}{\376\377\175\120\212\326}{}% 30
